Using pre-set license
Built from '2020.2/release' branch; Version is '2020.2.2f1 (068178b99f32) revision 426360'; Using compiler version '192528614'; Build Type 'Release'
OS: 'Windows 10 Home Single Language; OS build 19042.1165; Version 2009; 64bit' Language: 'en' Physical Memory: 32625 MB
BatchMode: 1, IsHumanControllingUs: 0, StartBugReporterOnCrash: 0, Is64bit: 1, IsPro: 0

 COMMAND LINE ARGUMENTS:
D:\Softwares\Unity Editors\2020.2.2f1\Editor\Unity.exe
-adb2
-batchMode
-noUpm
-name
AssetImportWorker0
-projectPath
D:/Projects/Released/Thesis - Unity Package With Demo
-logFile
Logs/AssetImportWorker0.log
-srvPort
63000
Successfully changed project path to: D:/Projects/Released/Thesis - Unity Package With Demo
D:/Projects/Released/Thesis - Unity Package With Demo
Using Asset Import Pipeline V2.
Refreshing native plugins compatible for Editor in 21.31 ms, found 0 plugins.
Preloading 0 native plugins for Editor in 0.00 ms.
Initialize engine version: 2020.2.2f1 (068178b99f32)
[Subsystems] Discovering subsystems at path D:/Softwares/Unity Editors/2020.2.2f1/Editor/Data/Resources/UnitySubsystems
[Subsystems] Discovering subsystems at path D:/Projects/Released/Thesis - Unity Package With Demo/Assets
GfxDevice: creating device client; threaded=0
Direct3D:
    Version:  Direct3D 11.0 [level 11.1]
    Renderer: NVIDIA GeForce RTX 2070 (ID=0x1f10)
    Vendor:   
    VRAM:     8031 MB
    Driver:   27.21.14.6242
Initialize mono
Mono path[0] = 'D:/Softwares/Unity Editors/2020.2.2f1/Editor/Data/Managed'
Mono path[1] = 'D:/Softwares/Unity Editors/2020.2.2f1/Editor/Data/MonoBleedingEdge/lib/mono/unityjit'
Mono config path = 'D:/Softwares/Unity Editors/2020.2.2f1/Editor/Data/MonoBleedingEdge/etc'
Using monoOptions --debugger-agent=transport=dt_socket,embedding=1,server=y,suspend=n,address=127.0.0.1:56200
Begin MonoManager ReloadAssembly
Registering precompiled unity dll's ...
Register platform support module: D:/Softwares/Unity Editors/2020.2.2f1/Editor/Data/PlaybackEngines/WindowsStandaloneSupport/UnityEditor.WindowsStandalone.Extensions.dll
Registered in 0.001014 seconds.
Native extension for WindowsStandalone target not found
Refreshing native plugins compatible for Editor in 21.60 ms, found 0 plugins.
Preloading 0 native plugins for Editor in 0.00 ms.
Invoked RoslynAnalysisRunner static constructor.
RoslynAnalysisRunner will not be running.
RoslynAnalysisRunner has terminated.
Mono: successfully reloaded assembly
- Completed reload, in  0.803 seconds
Platform modules already initialized, skipping
Registering precompiled user dll's ...
Registered in 0.000511 seconds.
Begin MonoManager ReloadAssembly
Native extension for WindowsStandalone target not found
Refreshing native plugins compatible for Editor in 0.35 ms, found 0 plugins.
Preloading 0 native plugins for Editor in 0.00 ms.
Invoked RoslynAnalysisRunner static constructor.
RoslynAnalysisRunner will not be running.
RoslynAnalysisRunner has terminated.
Mono: successfully reloaded assembly
- Completed reload, in  0.667 seconds
Platform modules already initialized, skipping
========================================================================
Worker process is ready to serve import requests
Launched and connected shader compiler UnityShaderCompiler.exe after 0.04 seconds
Refreshing native plugins compatible for Editor in 0.31 ms, found 0 plugins.
Preloading 0 native plugins for Editor in 0.00 ms.
Unloading 1142 Unused Serialized files (Serialized files now loaded: 0)
System memory in use before: 59.6 MB.
System memory in use after: 59.6 MB.

Unloading 10 unused Assets to reduce memory usage. Loaded Objects now: 1584.
Total: 2.166900 ms (FindLiveObjects: 0.187200 ms CreateObjectMapping: 0.062100 ms MarkObjects: 1.812400 ms  DeleteObjects: 0.103800 ms)

========================================================================
Received Import Request.
  path: Assets/Cine-AI/Resources/StoryboardData.asset
  artifactKey: Guid(86e3ee1b21008304ca0bb20a463bf694) Importer(815301076,1909f56bfc062723c751e8b465ee728b)
Start importing Assets/Cine-AI/Resources/StoryboardData.asset using Guid(86e3ee1b21008304ca0bb20a463bf694) Importer(815301076,1909f56bfc062723c751e8b465ee728b)  -> (artifact id: '6ca847ff749dfee7c81cbdcb9444caeb') in 0.075524 seconds
  Import took 0.077594 seconds .

========================================================================
Received Import Request.
  Time since last request: 77.313600 seconds.
  path: Assets/Cine-AI/src/Editor/StoryboardWindow.cs
  artifactKey: Guid(ab439ca4ff48af54b845e8736522b274) Importer(815301076,1909f56bfc062723c751e8b465ee728b)
Start importing Assets/Cine-AI/src/Editor/StoryboardWindow.cs using Guid(ab439ca4ff48af54b845e8736522b274) Importer(815301076,1909f56bfc062723c751e8b465ee728b)  -> (artifact id: '671759b6885755b2789606cf8ac8c037') in 0.018010 seconds
  Import took 0.112792 seconds .

========================================================================
Received Import Request.
  Time since last request: 29.471613 seconds.
  path: Assets/Cine-AI/src/Editor/StoryboardWindow.cs
  artifactKey: Guid(ab439ca4ff48af54b845e8736522b274) Importer(815301076,1909f56bfc062723c751e8b465ee728b)
Start importing Assets/Cine-AI/src/Editor/StoryboardWindow.cs using Guid(ab439ca4ff48af54b845e8736522b274) Importer(815301076,1909f56bfc062723c751e8b465ee728b)  -> (artifact id: '13c930dd7f358bbeab9a6a684b8e432e') in 0.002170 seconds
  Import took 0.031008 seconds .

========================================================================
Received Prepare
Registering precompiled user dll's ...
Registered in 0.000482 seconds.
Begin MonoManager ReloadAssembly
Native extension for WindowsStandalone target not found
Refreshing native plugins compatible for Editor in 0.19 ms, found 0 plugins.
Preloading 0 native plugins for Editor in 0.00 ms.
Invoked RoslynAnalysisRunner static constructor.
RoslynAnalysisRunner will not be running.
RoslynAnalysisRunner has terminated.
Mono: successfully reloaded assembly
- Completed reload, in  0.655 seconds
Platform modules already initialized, skipping
Refreshing native plugins compatible for Editor in 0.21 ms, found 0 plugins.
Preloading 0 native plugins for Editor in 0.00 ms.
Unloading 1135 Unused Serialized files (Serialized files now loaded: 0)
System memory in use before: 59.8 MB.
System memory in use after: 59.9 MB.

Unloading 5 unused Assets to reduce memory usage. Loaded Objects now: 1586.
Total: 1.703800 ms (FindLiveObjects: 0.111200 ms CreateObjectMapping: 0.032900 ms MarkObjects: 1.513900 ms  DeleteObjects: 0.045000 ms)

========================================================================
Received Import Request.
  Time since last request: 41.899108 seconds.
  path: Assets/Cine-AI/src/Editor/StoryboardSimulator.cs
  artifactKey: Guid(6f54fafd2c11c2c418939b9e90f0246a) Importer(815301076,1909f56bfc062723c751e8b465ee728b)
Start importing Assets/Cine-AI/src/Editor/StoryboardSimulator.cs using Guid(6f54fafd2c11c2c418939b9e90f0246a) Importer(815301076,1909f56bfc062723c751e8b465ee728b)  -> (artifact id: '6aa1fc5342e3023b0b0274e50cdb0e62') in 0.007134 seconds
  Import took 0.009237 seconds .

========================================================================
Received Import Request.
  Time since last request: 0.000602 seconds.
  path: Assets/Cine-AI/src/Editor/StoryboardSimulator.cs
  artifactKey: Guid(6f54fafd2c11c2c418939b9e90f0246a) Importer(815301076,1909f56bfc062723c751e8b465ee728b)
Start importing Assets/Cine-AI/src/Editor/StoryboardSimulator.cs using Guid(6f54fafd2c11c2c418939b9e90f0246a) Importer(815301076,1909f56bfc062723c751e8b465ee728b)  -> (artifact id: '6aa1fc5342e3023b0b0274e50cdb0e62') in 0.002555 seconds
  Import took 0.004389 seconds .

========================================================================
Received Prepare
Registering precompiled user dll's ...
Registered in 0.000505 seconds.
Begin MonoManager ReloadAssembly
Native extension for WindowsStandalone target not found
Refreshing native plugins compatible for Editor in 0.19 ms, found 0 plugins.
Preloading 0 native plugins for Editor in 0.00 ms.
Invoked RoslynAnalysisRunner static constructor.
RoslynAnalysisRunner will not be running.
RoslynAnalysisRunner has terminated.
Mono: successfully reloaded assembly
- Completed reload, in  0.655 seconds
Platform modules already initialized, skipping
Refreshing native plugins compatible for Editor in 0.22 ms, found 0 plugins.
Preloading 0 native plugins for Editor in 0.00 ms.
Unloading 1135 Unused Serialized files (Serialized files now loaded: 0)
System memory in use before: 59.9 MB.
System memory in use after: 60.0 MB.

Unloading 5 unused Assets to reduce memory usage. Loaded Objects now: 1588.
Total: 2.794000 ms (FindLiveObjects: 0.147600 ms CreateObjectMapping: 0.043800 ms MarkObjects: 2.538200 ms  DeleteObjects: 0.063100 ms)

========================================================================
Received Import Request.
  Time since last request: 107.458957 seconds.
  path: Assets/Cine-AI/src/Editor/StoryboardSimulator.cs
  artifactKey: Guid(6f54fafd2c11c2c418939b9e90f0246a) Importer(815301076,1909f56bfc062723c751e8b465ee728b)
Start importing Assets/Cine-AI/src/Editor/StoryboardSimulator.cs using Guid(6f54fafd2c11c2c418939b9e90f0246a) Importer(815301076,1909f56bfc062723c751e8b465ee728b)  -> (artifact id: 'ff8ab0b0b0732af3151b2098d667f5c2') in 0.004590 seconds
  Import took 0.006884 seconds .

========================================================================
Received Prepare
Registering precompiled user dll's ...
Registered in 0.000549 seconds.
Begin MonoManager ReloadAssembly
Native extension for WindowsStandalone target not found
Refreshing native plugins compatible for Editor in 0.19 ms, found 0 plugins.
Preloading 0 native plugins for Editor in 0.00 ms.
Invoked RoslynAnalysisRunner static constructor.
RoslynAnalysisRunner will not be running.
RoslynAnalysisRunner has terminated.
Mono: successfully reloaded assembly
- Completed reload, in  0.643 seconds
Platform modules already initialized, skipping
Refreshing native plugins compatible for Editor in 0.26 ms, found 0 plugins.
Preloading 0 native plugins for Editor in 0.00 ms.
Unloading 1135 Unused Serialized files (Serialized files now loaded: 0)
System memory in use before: 60.8 MB.
System memory in use after: 60.9 MB.

Unloading 5 unused Assets to reduce memory usage. Loaded Objects now: 1590.
Total: 2.201500 ms (FindLiveObjects: 0.162900 ms CreateObjectMapping: 0.042300 ms MarkObjects: 1.930900 ms  DeleteObjects: 0.064000 ms)

========================================================================
Received Import Request.
  Time since last request: 123.801040 seconds.
  path: Assets/Cine-AI/src/Storyboard/StoryboardSceneProxy.cs
  artifactKey: Guid(fc1de591d76e4e64db622314ce2a0071) Importer(815301076,1909f56bfc062723c751e8b465ee728b)
Start importing Assets/Cine-AI/src/Storyboard/StoryboardSceneProxy.cs using Guid(fc1de591d76e4e64db622314ce2a0071) Importer(815301076,1909f56bfc062723c751e8b465ee728b)  -> (artifact id: '0a90a2c817590f5cba722248f5d90a14') in 0.150581 seconds
  Import took 0.155273 seconds .

========================================================================
Received Prepare
Registering precompiled user dll's ...
Registered in 0.000488 seconds.
Begin MonoManager ReloadAssembly
Native extension for WindowsStandalone target not found
Refreshing native plugins compatible for Editor in 0.19 ms, found 0 plugins.
Preloading 0 native plugins for Editor in 0.00 ms.
Invoked RoslynAnalysisRunner static constructor.
RoslynAnalysisRunner will not be running.
RoslynAnalysisRunner has terminated.
Mono: successfully reloaded assembly
- Completed reload, in  0.685 seconds
Platform modules already initialized, skipping
Refreshing native plugins compatible for Editor in 0.18 ms, found 0 plugins.
Preloading 0 native plugins for Editor in 0.00 ms.
Unloading 1135 Unused Serialized files (Serialized files now loaded: 0)
System memory in use before: 60.9 MB.
System memory in use after: 61.0 MB.

Unloading 5 unused Assets to reduce memory usage. Loaded Objects now: 1592.
Total: 2.207600 ms (FindLiveObjects: 0.162500 ms CreateObjectMapping: 0.027400 ms MarkObjects: 1.971200 ms  DeleteObjects: 0.044200 ms)

========================================================================
Received Import Request.
  Time since last request: 19.993681 seconds.
  path: Assets/Cine-AI/src/Storyboard/StoryboardData.cs
  artifactKey: Guid(fadd301eaf6e5af4c9478e0c9706aa86) Importer(815301076,1909f56bfc062723c751e8b465ee728b)
Start importing Assets/Cine-AI/src/Storyboard/StoryboardData.cs using Guid(fadd301eaf6e5af4c9478e0c9706aa86) Importer(815301076,1909f56bfc062723c751e8b465ee728b)  -> (artifact id: 'fed44b7d0fcd1314981479803ffac6eb') in 0.007404 seconds
  Import took 0.009413 seconds .

========================================================================
Received Import Request.
  Time since last request: 13.363834 seconds.
  path: Assets/Cine-AI/src/Editor/StoryboardSimulator.cs
  artifactKey: Guid(6f54fafd2c11c2c418939b9e90f0246a) Importer(815301076,1909f56bfc062723c751e8b465ee728b)
Start importing Assets/Cine-AI/src/Editor/StoryboardSimulator.cs using Guid(6f54fafd2c11c2c418939b9e90f0246a) Importer(815301076,1909f56bfc062723c751e8b465ee728b)  -> (artifact id: '9752c66697d3b8e34abea9feacbcd404') in 0.002100 seconds
  Import took 0.003861 seconds .

========================================================================
Received Import Request.
  Time since last request: 0.003184 seconds.
  path: Assets/Cine-AI/src/Editor/StoryboardSimulator.cs
  artifactKey: Guid(6f54fafd2c11c2c418939b9e90f0246a) Importer(815301076,1909f56bfc062723c751e8b465ee728b)
Start importing Assets/Cine-AI/src/Editor/StoryboardSimulator.cs using Guid(6f54fafd2c11c2c418939b9e90f0246a) Importer(815301076,1909f56bfc062723c751e8b465ee728b)  -> (artifact id: '9752c66697d3b8e34abea9feacbcd404') in 0.002274 seconds
  Import took 0.004036 seconds .

========================================================================
Received Import Request.
  Time since last request: 0.461536 seconds.
  path: Assets/Cine-AI/src/Editor/StoryboardWindow.cs
  artifactKey: Guid(ab439ca4ff48af54b845e8736522b274) Importer(815301076,1909f56bfc062723c751e8b465ee728b)
Start importing Assets/Cine-AI/src/Editor/StoryboardWindow.cs using Guid(ab439ca4ff48af54b845e8736522b274) Importer(815301076,1909f56bfc062723c751e8b465ee728b)  -> (artifact id: '783adaad84e060321179bf6c2319f1df') in 0.006304 seconds
  Import took 0.008549 seconds .

========================================================================
Received Import Request.
  Time since last request: 0.001957 seconds.
  path: Assets/Cine-AI/src/Editor/StoryboardWindow.cs
  artifactKey: Guid(ab439ca4ff48af54b845e8736522b274) Importer(815301076,1909f56bfc062723c751e8b465ee728b)
Start importing Assets/Cine-AI/src/Editor/StoryboardWindow.cs using Guid(ab439ca4ff48af54b845e8736522b274) Importer(815301076,1909f56bfc062723c751e8b465ee728b)  -> (artifact id: '783adaad84e060321179bf6c2319f1df') in 0.002030 seconds
  Import took 0.003865 seconds .

========================================================================
Received Prepare
Registering precompiled user dll's ...
Registered in 0.000508 seconds.
Begin MonoManager ReloadAssembly
Native extension for WindowsStandalone target not found
Refreshing native plugins compatible for Editor in 0.20 ms, found 0 plugins.
Preloading 0 native plugins for Editor in 0.00 ms.
Invoked RoslynAnalysisRunner static constructor.
RoslynAnalysisRunner will not be running.
RoslynAnalysisRunner has terminated.
Mono: successfully reloaded assembly
- Completed reload, in  0.637 seconds
Platform modules already initialized, skipping
Refreshing native plugins compatible for Editor in 0.19 ms, found 0 plugins.
Preloading 0 native plugins for Editor in 0.00 ms.
Unloading 1135 Unused Serialized files (Serialized files now loaded: 0)
System memory in use before: 60.7 MB.
System memory in use after: 60.8 MB.

Unloading 5 unused Assets to reduce memory usage. Loaded Objects now: 1594.
Total: 1.450000 ms (FindLiveObjects: 0.111300 ms CreateObjectMapping: 0.031300 ms MarkObjects: 1.262800 ms  DeleteObjects: 0.043800 ms)

========================================================================
Received Import Request.
  Time since last request: 15.810542 seconds.
  path: Assets/Cine-AI/src/Editor/StoryboardWindow.cs
  artifactKey: Guid(ab439ca4ff48af54b845e8736522b274) Importer(815301076,1909f56bfc062723c751e8b465ee728b)
Start importing Assets/Cine-AI/src/Editor/StoryboardWindow.cs using Guid(ab439ca4ff48af54b845e8736522b274) Importer(815301076,1909f56bfc062723c751e8b465ee728b)  -> (artifact id: '6f47d718692ef298ec970c66768065ac') in 0.003325 seconds
  Import took 0.004879 seconds .

========================================================================
Received Import Request.
  Time since last request: 23.355043 seconds.
  path: Assets/Cine-AI/Demo/Timeline.playable
  artifactKey: Guid(a5fe8b413231aac43a0768623ab7e186) Importer(815301076,1909f56bfc062723c751e8b465ee728b)
Start importing Assets/Cine-AI/Demo/Timeline.playable using Guid(a5fe8b413231aac43a0768623ab7e186) Importer(815301076,1909f56bfc062723c751e8b465ee728b)  -> (artifact id: '71aec29e57550600d7d0e1e3673a4d72') in 0.031429 seconds
  Import took 0.033398 seconds .

========================================================================
Received Prepare
Registering precompiled user dll's ...
Registered in 0.000508 seconds.
Begin MonoManager ReloadAssembly
Native extension for WindowsStandalone target not found
Refreshing native plugins compatible for Editor in 0.23 ms, found 0 plugins.
Preloading 0 native plugins for Editor in 0.00 ms.
Invoked RoslynAnalysisRunner static constructor.
RoslynAnalysisRunner will not be running.
RoslynAnalysisRunner has terminated.
Mono: successfully reloaded assembly
- Completed reload, in  0.854 seconds
Platform modules already initialized, skipping
Refreshing native plugins compatible for Editor in 0.23 ms, found 0 plugins.
Preloading 0 native plugins for Editor in 0.00 ms.
Unloading 1135 Unused Serialized files (Serialized files now loaded: 0)
System memory in use before: 61.0 MB.
System memory in use after: 61.0 MB.

Unloading 5 unused Assets to reduce memory usage. Loaded Objects now: 1596.
Total: 2.043200 ms (FindLiveObjects: 0.139700 ms CreateObjectMapping: 0.034600 ms MarkObjects: 1.808000 ms  DeleteObjects: 0.059600 ms)

========================================================================
Received Prepare
Registering precompiled user dll's ...
Registered in 0.000512 seconds.
Begin MonoManager ReloadAssembly
Native extension for WindowsStandalone target not found
Refreshing native plugins compatible for Editor in 0.19 ms, found 0 plugins.
Preloading 0 native plugins for Editor in 0.00 ms.
Invoked RoslynAnalysisRunner static constructor.
RoslynAnalysisRunner will not be running.
RoslynAnalysisRunner has terminated.
Mono: successfully reloaded assembly
- Completed reload, in  0.754 seconds
Platform modules already initialized, skipping
Refreshing native plugins compatible for Editor in 0.21 ms, found 0 plugins.
Preloading 0 native plugins for Editor in 0.00 ms.
Unloading 1135 Unused Serialized files (Serialized files now loaded: 0)
System memory in use before: 60.7 MB.
System memory in use after: 60.8 MB.

Unloading 5 unused Assets to reduce memory usage. Loaded Objects now: 1598.
Total: 1.854200 ms (FindLiveObjects: 0.145100 ms CreateObjectMapping: 0.074400 ms MarkObjects: 1.581400 ms  DeleteObjects: 0.051700 ms)

========================================================================
Received Import Request.
  Time since last request: 108.471456 seconds.
  path: Assets/Cine-AI/Demo/Timeline.playable
  artifactKey: Guid(a5fe8b413231aac43a0768623ab7e186) Importer(815301076,1909f56bfc062723c751e8b465ee728b)
Start importing Assets/Cine-AI/Demo/Timeline.playable using Guid(a5fe8b413231aac43a0768623ab7e186) Importer(815301076,1909f56bfc062723c751e8b465ee728b)  -> (artifact id: '3ad54ecc66f9758d5c0b72d11975fd77') in 0.029897 seconds
  Import took 0.032314 seconds .

========================================================================
Received Import Request.
  Time since last request: 19.561781 seconds.
  path: Assets/Cine-AI/Demo/Timeline.playable
  artifactKey: Guid(a5fe8b413231aac43a0768623ab7e186) Importer(815301076,1909f56bfc062723c751e8b465ee728b)
Start importing Assets/Cine-AI/Demo/Timeline.playable using Guid(a5fe8b413231aac43a0768623ab7e186) Importer(815301076,1909f56bfc062723c751e8b465ee728b)  -> (artifact id: 'da7465a79a4651f518cb51fd05d5d4c0') in 0.009678 seconds
  Import took 0.011733 seconds .

========================================================================
Received Import Request.
  Time since last request: 0.003867 seconds.
  path: Assets/Cine-AI/Demo/Timeline.playable
  artifactKey: Guid(a5fe8b413231aac43a0768623ab7e186) Importer(815301076,1909f56bfc062723c751e8b465ee728b)
Start importing Assets/Cine-AI/Demo/Timeline.playable using Guid(a5fe8b413231aac43a0768623ab7e186) Importer(815301076,1909f56bfc062723c751e8b465ee728b)  -> (artifact id: 'da7465a79a4651f518cb51fd05d5d4c0') in 0.009328 seconds
  Import took 0.011168 seconds .

========================================================================
Received Import Request.
  Time since last request: 3.831234 seconds.
  path: Assets/Cine-AI/Demo/Timeline.playable
  artifactKey: Guid(a5fe8b413231aac43a0768623ab7e186) Importer(815301076,1909f56bfc062723c751e8b465ee728b)
Start importing Assets/Cine-AI/Demo/Timeline.playable using Guid(a5fe8b413231aac43a0768623ab7e186) Importer(815301076,1909f56bfc062723c751e8b465ee728b)  -> (artifact id: 'f05f7d262d1a0ad5f2720984b6ffca36') in 0.010474 seconds
  Import took 0.012765 seconds .

========================================================================
Received Prepare
Registering precompiled user dll's ...
Registered in 0.000587 seconds.
Begin MonoManager ReloadAssembly
Native extension for WindowsStandalone target not found
Refreshing native plugins compatible for Editor in 0.19 ms, found 0 plugins.
Preloading 0 native plugins for Editor in 0.00 ms.
Invoked RoslynAnalysisRunner static constructor.
RoslynAnalysisRunner will not be running.
RoslynAnalysisRunner has terminated.
Mono: successfully reloaded assembly
- Completed reload, in  0.717 seconds
Platform modules already initialized, skipping
Refreshing native plugins compatible for Editor in 0.23 ms, found 0 plugins.
Preloading 0 native plugins for Editor in 0.00 ms.
Unloading 1135 Unused Serialized files (Serialized files now loaded: 0)
System memory in use before: 61.0 MB.
System memory in use after: 61.0 MB.

Unloading 5 unused Assets to reduce memory usage. Loaded Objects now: 1600.
Total: 1.491700 ms (FindLiveObjects: 0.103600 ms CreateObjectMapping: 0.028500 ms MarkObjects: 1.275000 ms  DeleteObjects: 0.083800 ms)

========================================================================
Received Import Request.
  Time since last request: 26.840958 seconds.
  path: Assets/Cine-AI/Resources/Ritchie.json
  artifactKey: Guid(c5c7f9c62396f654f92b7abdca5fc94f) Importer(815301076,1909f56bfc062723c751e8b465ee728b)
Start importing Assets/Cine-AI/Resources/Ritchie.json using Guid(c5c7f9c62396f654f92b7abdca5fc94f) Importer(815301076,1909f56bfc062723c751e8b465ee728b)  -> (artifact id: '0d1ed1e238190616da81d4342ef4659a') in 0.025050 seconds
  Import took 0.027075 seconds .

========================================================================
Received Import Request.
  Time since last request: 0.001402 seconds.
  path: Assets/Cine-AI/Resources/Ritchie.json
  artifactKey: Guid(c5c7f9c62396f654f92b7abdca5fc94f) Importer(815301076,1909f56bfc062723c751e8b465ee728b)
Start importing Assets/Cine-AI/Resources/Ritchie.json using Guid(c5c7f9c62396f654f92b7abdca5fc94f) Importer(815301076,1909f56bfc062723c751e8b465ee728b)  -> (artifact id: '0d1ed1e238190616da81d4342ef4659a') in 0.002595 seconds
  Import took 0.004245 seconds .

========================================================================
Received Import Request.
  Time since last request: 0.970195 seconds.
  path: Assets/Cine-AI/Resources/Tarantino.json
  artifactKey: Guid(3d51a8cbc4c4d034b91ad28e2aa0f77b) Importer(815301076,1909f56bfc062723c751e8b465ee728b)
Start importing Assets/Cine-AI/Resources/Tarantino.json using Guid(3d51a8cbc4c4d034b91ad28e2aa0f77b) Importer(815301076,1909f56bfc062723c751e8b465ee728b)  -> (artifact id: 'c81ff7a02db8c3c84ef3f4c944cefaaf') in 0.005863 seconds
  Import took 0.008127 seconds .

========================================================================
Received Import Request.
  Time since last request: 0.000468 seconds.
  path: Assets/Cine-AI/Resources/Tarantino.json
  artifactKey: Guid(3d51a8cbc4c4d034b91ad28e2aa0f77b) Importer(815301076,1909f56bfc062723c751e8b465ee728b)
Start importing Assets/Cine-AI/Resources/Tarantino.json using Guid(3d51a8cbc4c4d034b91ad28e2aa0f77b) Importer(815301076,1909f56bfc062723c751e8b465ee728b)  -> (artifact id: 'c81ff7a02db8c3c84ef3f4c944cefaaf') in 0.003400 seconds
  Import took 0.005706 seconds .

========================================================================
Received Import Request.
  Time since last request: 8.329233 seconds.
  path: Assets/Cine-AI/src/CinematographyTechniques/CinematographyTechniqueImplementation.cs
  artifactKey: Guid(5034fdfecf1d828438b8cfbcc11fa418) Importer(815301076,1909f56bfc062723c751e8b465ee728b)
Start importing Assets/Cine-AI/src/CinematographyTechniques/CinematographyTechniqueImplementation.cs using Guid(5034fdfecf1d828438b8cfbcc11fa418) Importer(815301076,1909f56bfc062723c751e8b465ee728b)  -> (artifact id: 'f32334c48270c4d21f3b6d2e0fbfe25b') in 0.045543 seconds
  Import took 0.049030 seconds .

========================================================================
Received Import Request.
  Time since last request: 1.946989 seconds.
  path: Assets/Cine-AI/src/CinematographyTechniques/DollyZoom.cs
  artifactKey: Guid(f64214d48e519e148bc994d4975f4edf) Importer(815301076,1909f56bfc062723c751e8b465ee728b)
Start importing Assets/Cine-AI/src/CinematographyTechniques/DollyZoom.cs using Guid(f64214d48e519e148bc994d4975f4edf) Importer(815301076,1909f56bfc062723c751e8b465ee728b)  -> (artifact id: 'cc1b15a142f4601e07ae3b0399031dc6') in 0.036435 seconds
  Import took 0.038053 seconds .

========================================================================
Received Import Request.
  Time since last request: 0.470952 seconds.
  path: Assets/Cine-AI/src/CinematographyTechniques/Godview.cs
  artifactKey: Guid(ac4c7942a0ae0f44c96c5bb2f373f42b) Importer(815301076,1909f56bfc062723c751e8b465ee728b)
Start importing Assets/Cine-AI/src/CinematographyTechniques/Godview.cs using Guid(ac4c7942a0ae0f44c96c5bb2f373f42b) Importer(815301076,1909f56bfc062723c751e8b465ee728b)  -> (artifact id: '9ffc9418f37f0457f5c216765b2e0504') in 0.006133 seconds
  Import took 0.008243 seconds .

========================================================================
Received Import Request.
  Time since last request: 109.989443 seconds.
  path: Assets/Cine-AI/Demo/Timeline.playable
  artifactKey: Guid(a5fe8b413231aac43a0768623ab7e186) Importer(815301076,1909f56bfc062723c751e8b465ee728b)
Start importing Assets/Cine-AI/Demo/Timeline.playable using Guid(a5fe8b413231aac43a0768623ab7e186) Importer(815301076,1909f56bfc062723c751e8b465ee728b)  -> (artifact id: '878a201419d6e4f1cb0be25ab48379ba') in 0.021328 seconds
  Import took 0.023448 seconds .

AssetImportWorkerClient::OnTransportError - code=2 error=End of file
